<?xml version="1.0" encoding="UTF-8"?>
<testsuite name="com.ubs.opsit.interviews.BerlinClockFixture" tests="1" skipped="0" failures="0" errors="0" timestamp="2017-10-02T18:18:19" hostname="DLUASAX3077204" time="0.859">
  <properties/>
  <testcase name="berlinClockAcceptanceTests" classname="com.ubs.opsit.interviews.BerlinClockFixture" time="0.859"/>
  <system-out><![CDATA[2017-10-02T23:48:19.625 | est worker | ClasspathStoryFinder | INFO   - Searching for stories called [berlin-clock.story] in [[C:\Users\asax30\workspace\java-berlin-clock\build\classes\test, C:\Users\asax30\workspace\java-berlin-clock\build\resources\test, C:\Users\asax30\workspace\java-berlin-clock\build\classes\main]] 
2017-10-02T23:48:19.657 | est worker | aviouralTestEmbedder | INFO   - Running [BehaviouralTestEmbedder] with spring_stories [[file:/C:/Users/asax30/workspace/java-berlin-clock/build/resources/test/stories/berlin-clock.story]] 
Processing system properties {}
Using controls EmbedderControls[batch=false,skip=false,generateViewAfterStories=true,ignoreFailureInStories=false,ignoreFailureInView=false,verboseFailures=false,verboseFiltering=false,storyTimeoutInSecs=300,threads=1]
Running story file:/C:/Users/asax30/workspace/java-berlin-clock/build/resources/test/stories/berlin-clock.story
Story: The Berlin Clock
(file:/C:/Users/asax30/workspace/java-berlin-clock/build/resources/test/stories/berlin-clock.story)
Meta:
@scope interview

Scenario: Midnight
When the time is 00:00:00
Expected Output:Y
OOOO
OOOO
OOOOOOOOOOO
OOOO
Actual Output:Y
OOOO
OOOO
OOOOOOOOOOO
OOOO
Y



O
O
O
O



O
O
O
O



O
O
O
O
O
O
O
O
O
O
O



O
O
O
O
*******************
Y
*******************


*******************
O
*******************
O
*******************
O
*******************
O
*******************


*******************
O
*******************
O
*******************
O
*******************
O
*******************


*******************
O
*******************
O
*******************
O
*******************
O
*******************
O
*******************
O
*******************
O
*******************
O
*******************
O
*******************
O
*******************
O
*******************


*******************
O
*******************
O
*******************
O
*******************
O
Anita is not good mom
Then the clock should look like
Y
OOOO
OOOO
OOOOOOOOOOO
OOOO

Scenario: Middle of the afternoon
When the time is 13:17:01
Expected Output:O
RROO
RRRO
YYROOOOOOOO
YYOO
Actual Output:O
RROO
RRRO
YYROOOOOOOO
YYOO
O



R
R
O
O



R
R
R
O



Y
Y
R
O
O
O
O
O
O
O
O



Y
Y
O
O
*******************
O
*******************


*******************
R
*******************
R
*******************
O
*******************
O
*******************


*******************
R
*******************
R
*******************
R
*******************
O
*******************


*******************
Y
*******************
Y
*******************
R
*******************
O
*******************
O
*******************
O
*******************
O
*******************
O
*******************
O
*******************
O
*******************
O
*******************


*******************
Y
*******************
Y
*******************
O
*******************
O
Anita is not good mom
Then the clock should look like
O
RROO
RRRO
YYROOOOOOOO
YYOO

Scenario: Just before midnight
When the time is 23:59:59
Expected Output:O
RRRR
RRRO
YYRYYRYYRYY
YYYY
Actual Output:O
RRRR
RRRO
YYRYYRYYRYY
YYYY
O



R
R
R
R



R
R
R
O



Y
Y
R
Y
Y
R
Y
Y
R
Y
Y



Y
Y
Y
Y
*******************
O
*******************


*******************
R
*******************
R
*******************
R
*******************
R
*******************


*******************
R
*******************
R
*******************
R
*******************
O
*******************


*******************
Y
*******************
Y
*******************
R
*******************
Y
*******************
Y
*******************
R
*******************
Y
*******************
Y
*******************
R
*******************
Y
*******************
Y
*******************


*******************
Y
*******************
Y
*******************
Y
*******************
Y
Anita is not good mom
Then the clock should look like
O
RRRR
RRRO
YYRYYRYYRYY
YYYY

Scenario: Midnight
When the time is 24:00:00
Expected Output:Y
RRRR
RRRR
OOOOOOOOOOO
OOOO
Actual Output:Y
RRRR
RRRR
OOOOOOOOOOO
OOOO
Y



R
R
R
R



R
R
R
R



O
O
O
O
O
O
O
O
O
O
O



O
O
O
O
*******************
Y
*******************


*******************
R
*******************
R
*******************
R
*******************
R
*******************


*******************
R
*******************
R
*******************
R
*******************
R
*******************


*******************
O
*******************
O
*******************
O
*******************
O
*******************
O
*******************
O
*******************
O
*******************
O
*******************
O
*******************
O
*******************
O
*******************


*******************
O
*******************
O
*******************
O
*******************
O
Anita is not good mom
Then the clock should look like
Y
RRRR
RRRR
OOOOOOOOOOO

(BeforeStories)


(AfterStories)

Generating reports view to 'C:\Users\asax30\workspace\java-berlin-clock\build\classes\jbehave' using formats '[stats, html, console]' and view properties '{defaultFormats=stats, decorateNonHtml=true, viewDirectory=view, decorated=ftl/jbehave-report-decorated.ftl, reports=ftl/jbehave-reports-with-totals.ftl, maps=ftl/jbehave-maps.ftl, navigator=ftl/jbehave-navigator.ftl, views=ftl/jbehave-views.ftl, nonDecorated=ftl/jbehave-report-non-decorated.ftl}'
Reports view generated with 1 stories (of which 0 pending) containing 4 scenarios (of which 0 pending)
]]></system-out>
  <system-err><![CDATA[]]></system-err>
</testsuite>
