<?xml version="1.0" encoding="UTF-8"?>
<testsuite name="com.ubs.opsit.interviews.utility.ClockUtilTest" tests="2" skipped="0" failures="0" errors="0" timestamp="2017-10-02T21:39:58" hostname="DLUASAX3077204" time="0.0">
  <properties/>
  <testcase name="getStateOfLampTest_Off" classname="com.ubs.opsit.interviews.utility.ClockUtilTest" time="0.0"/>
  <testcase name="getStateOfLampTest" classname="com.ubs.opsit.interviews.utility.ClockUtilTest" time="0.0"/>
  <system-out><![CDATA[]]></system-out>
  <system-err><![CDATA[]]></system-err>
</testsuite>
